<?xml version="1.0" encoding="UTF-8"?>
<!-- Generated by org.testng.reporters.JUnitReportReporter -->
<testsuite hostname="new-PC" failures="0" tests="1" name="com.scm.qa.testcases.HomePageTest" time="22.511" errors="0" timestamp="2023-01-15T18:20:25 IST" skipped="0">
  <testcase classname="com.scm.qa.testcases.HomePageTest" name="userVerification" time="22.511"/>
  <system-out/>
</testsuite> <!-- com.scm.qa.testcases.HomePageTest -->
