<?xml version="1.0" encoding="UTF-8"?>
<!-- Generated by org.testng.reporters.JUnitReportReporter -->
<testsuite hostname="new-PC" failures="0" tests="3" name="com.crm.qa.util.DataProviderTest" time="0.015" errors="0" timestamp="2023-01-12T15:38:01 IST" skipped="0">
  <testcase classname="com.crm.qa.util.DataProviderTest" name="loginTest" time="0.002"/>
  <system-out/>
  <testcase classname="com.crm.qa.util.DataProviderTest" name="loginTest" time="0.002"/>
  <system-out/>
  <testcase classname="com.crm.qa.util.DataProviderTest" name="loginTest" time="0.011"/>
  <system-out/>
</testsuite> <!-- com.crm.qa.util.DataProviderTest -->
