<?xml version="1.0" encoding="UTF-8"?>
<!-- Generated by org.testng.reporters.JUnitReportReporter -->
<testsuite hostname="new-PC" failures="0" tests="3" name="com.scm.qa.testcases.LoginTest" time="77.825" errors="0" timestamp="2023-01-15T17:41:47 IST" skipped="0">
  <testcase classname="com.scm.qa.testcases.LoginTest" name="loginPageTitleTest" time="15.513"/>
  <system-out/>
  <testcase classname="com.scm.qa.testcases.LoginTest" name="crmLogTest" time="21.536"/>
  <system-out/>
  <testcase classname="com.scm.qa.testcases.LoginTest" name="loginTest" time="40.776"/>
  <system-out/>
</testsuite> <!-- com.scm.qa.testcases.LoginTest -->
