<?xml version="1.0" encoding="UTF-8"?>
<!-- Generated by org.testng.reporters.JUnitReportReporter -->
<testsuite hostname="new-PC" failures="0" tests="2" name="com.crm.qa.util.TestUtil" time="1.463" errors="0" timestamp="2023-01-12T17:16:53 IST" skipped="1">
  <testcase classname="com.crm.qa.util.TestUtil" name="excelDataRead" time="1.463"/>
  <system-out/>
  <testcase classname="com.crm.qa.util.TestUtil" name="excelTest">
    <skipped/>
  </testcase> <!-- excelTest -->
  <system-out/>
</testsuite> <!-- com.crm.qa.util.TestUtil -->
